<?xml version="1.0" encoding="UTF-8"?>
<testng-results ignored="0" total="1" passed="1" failed="0" skipped="0">
  <reporter-output>
  </reporter-output>
  <suite started-at="2023-06-19T15:19:59 IST" name="Default suite" finished-at="2023-06-19T15:19:59 IST" duration-ms="53">
    <groups>
    </groups>
    <test started-at="2023-06-19T15:19:59 IST" name="Default test" finished-at="2023-06-19T15:19:59 IST" duration-ms="53">
      <class name="afreash.TestNGaFresh">
        <test-method signature="a()[pri:0, instance:afreash.TestNGaFresh@1bb266b3]" started-at="2023-06-19T15:19:59 IST" name="a" finished-at="2023-06-19T15:19:59 IST" duration-ms="10" status="PASS">
          <reporter-output>
          </reporter-output>
        </test-method> <!-- a -->
      </class> <!-- afreash.TestNGaFresh -->
    </test> <!-- Default test -->
  </suite> <!-- Default suite -->
</testng-results>
